<?xml version="1.0" encoding="UTF-8"?>
<!-- Generated by org.testng.reporters.JUnitReportReporter -->
<testsuite hostname="LAPTOP-2M6SULJS" failures="0" tests="1" name="GoibiboAutomationFramework.GoibiboAutomationFramework.goibiboRoundTripTest" time="56.316" errors="0" timestamp="2020-08-10T17:07:10 IST" skipped="0">
  <testcase classname="GoibiboAutomationFramework.GoibiboAutomationFramework.goibiboRoundTripTest" name="roundTripDelhiToMumbai" time="56.316"/>
  <system-out/>
</testsuite> <!-- GoibiboAutomationFramework.GoibiboAutomationFramework.goibiboRoundTripTest -->
