<?xml version="1.0" encoding="UTF-8"?>
<!-- Generated by org.testng.reporters.JUnitReportReporter -->
<testsuite hostname="LAPTOP-2M6SULJS" failures="0" tests="1" name="com.goibibo.qa.roundtripTest.goibiboRoundTripTest" time="29.191" errors="0" timestamp="2020-08-20T23:28:33 IST" skipped="0">
  <testcase classname="com.goibibo.qa.roundtripTest.goibiboRoundTripTest" name="roundTripDelhiToMumbai" time="29.191"/>
  <system-out/>
</testsuite> <!-- com.goibibo.qa.roundtripTest.goibiboRoundTripTest -->
